<?xml version="1.0" encoding="UTF-8"?>
<coverage generated="1619397526098" clover="3.2.0">
  <project timestamp="1619397526099" name="All files">
    <metrics statements="30" coveredstatements="26" conditionals="4" coveredconditionals="1" methods="10" coveredmethods="8" elements="44" coveredelements="35" complexity="0" loc="30" ncloc="30" packages="1" files="1" classes="1"/>
    <file name="exercises.js" path="C:\Users\win10\Desktop\Semana 12\exercises.js">
      <metrics statements="30" coveredstatements="26" conditionals="4" coveredconditionals="1" methods="10" coveredmethods="8"/>
      <line num="2" count="1" type="stmt"/>
      <line num="3" count="1" type="stmt"/>
      <line num="7" count="1" type="stmt"/>
      <line num="8" count="2" type="stmt"/>
      <line num="12" count="1" type="stmt"/>
      <line num="13" count="2" type="stmt"/>
      <line num="17" count="1" type="stmt"/>
      <line num="18" count="0" type="stmt"/>
      <line num="22" count="1" type="stmt"/>
      <line num="23" count="0" type="cond" truecount="0" falsecount="2"/>
      <line num="24" count="0" type="stmt"/>
      <line num="26" count="0" type="stmt"/>
      <line num="31" count="1" type="stmt"/>
      <line num="32" count="1" type="cond" truecount="1" falsecount="1"/>
      <line num="33" count="1" type="stmt"/>
      <line num="34" count="1" type="stmt"/>
      <line num="35" count="11" type="stmt"/>
      <line num="37" count="1" type="stmt"/>
      <line num="41" count="1" type="stmt"/>
      <line num="42" count="2" type="stmt"/>
      <line num="46" count="1" type="stmt"/>
      <line num="48" count="4" type="stmt"/>
      <line num="50" count="2" type="stmt"/>
      <line num="54" count="1" type="stmt"/>
      <line num="55" count="1" type="stmt"/>
      <line num="56" count="1" type="stmt"/>
      <line num="57" count="1" type="stmt"/>
      <line num="58" count="6" type="stmt"/>
      <line num="60" count="1" type="stmt"/>
      <line num="62" count="1" type="stmt"/>
    </file>
  </project>
</coverage>
