TN:
SF:exercises.js
FN:2,(anonymous_0)
FN:7,(anonymous_1)
FN:12,(anonymous_2)
FN:17,(anonymous_3)
FN:22,(anonymous_4)
FN:31,(anonymous_5)
FN:41,(anonymous_6)
FN:46,(anonymous_7)
FN:47,cuadrado
FN:54,(anonymous_9)
FNF:10
FNH:8
FNDA:1,(anonymous_0)
FNDA:2,(anonymous_1)
FNDA:2,(anonymous_2)
FNDA:0,(anonymous_3)
FNDA:0,(anonymous_4)
FNDA:1,(anonymous_5)
FNDA:2,(anonymous_6)
FNDA:2,(anonymous_7)
FNDA:4,cuadrado
FNDA:1,(anonymous_9)
DA:2,1
DA:3,1
DA:7,1
DA:8,2
DA:12,1
DA:13,2
DA:17,1
DA:18,0
DA:22,1
DA:23,0
DA:24,0
DA:26,0
DA:31,1
DA:32,1
DA:33,1
DA:34,1
DA:35,11
DA:37,1
DA:41,1
DA:42,2
DA:46,1
DA:48,4
DA:50,2
DA:54,1
DA:55,1
DA:56,1
DA:57,1
DA:58,6
DA:60,1
DA:62,1
LF:30
LH:26
BRDA:23,0,0,0
BRDA:23,0,1,0
BRDA:32,1,0,1
BRDA:32,1,1,0
BRF:4
BRH:1
end_of_record
